<?xml version="1.0" encoding="UTF-8"?>
<!-- Generated by org.testng.reporters.JUnitXMLReporter -->
<testsuite ignored="6" hostname="LAPTOP-SNC2BPSD" failures="0" tests="6" name="Test" time="22.489" errors="0" timestamp="2022-08-26T11:20:13 IST">
  <testcase classname="org.shophunt.testscript.ShophuntFinalScriptTest" name="CreateCategory" time="2.068"/>
  <testcase classname="org.shophunt.testscript.ShophuntFinalScriptTest" name="CreateSubcategory" time="1.335"/>
  <testcase classname="org.shophunt.testscript.ShophuntFinalScriptTest" name="Wishlist" time="3.26"/>
  <testcase classname="org.shophunt.testscript.VerifyThatProductIsAddedToAddCartThroughWishlistTest" name="Wishlist" time="3.468"/>
  <testcase classname="org.shophunt.testscript.VerifyTheCreateSubCategoryPageComponentTest" name="CreateSubcategory" time="1.837"/>
  <testcase classname="org.shophunt.testscript.VerifyTheCreateCategoryModuleTest" name="CreateCategory" time="2.009"/>
  <testcase classname="com.shophunt.genericutility.BaseClass" name="@BeforeSuite configBS" time="0.0">
    <ignored/>
  </testcase> <!-- @BeforeSuite configBS -->
  <testcase classname="com.shophunt.genericutility.BaseClass" name="@BeforeSuite configBS" time="0.0">
    <ignored/>
  </testcase> <!-- @BeforeSuite configBS -->
  <testcase classname="com.shophunt.genericutility.BaseClass" name="@BeforeSuite configBS" time="0.0">
    <ignored/>
  </testcase> <!-- @BeforeSuite configBS -->
  <testcase classname="com.shophunt.genericutility.BaseClass" name="@AfterSuite configAs" time="0.0">
    <ignored/>
  </testcase> <!-- @AfterSuite configAs -->
  <testcase classname="com.shophunt.genericutility.BaseClass" name="@AfterSuite configAs" time="0.0">
    <ignored/>
  </testcase> <!-- @AfterSuite configAs -->
  <testcase classname="com.shophunt.genericutility.BaseClass" name="@AfterSuite configAs" time="0.0">
    <ignored/>
  </testcase> <!-- @AfterSuite configAs -->
</testsuite> <!-- Test -->
