<?xml version="1.0" encoding="UTF-8"?>
<testng-results ignored="6" total="12" passed="6" failed="0" skipped="0">
  <reporter-output>
  </reporter-output>
  <suite started-at="2022-08-26T11:19:51 IST" name="BatchSuite" finished-at="2022-08-26T11:20:13 IST" duration-ms="22489">
    <groups>
      <group name="smoke">
        <method signature="VerifyThatProductIsAddedToAddCartThroughWishlistTest.Wishlist()[pri:0, instance:org.shophunt.testscript.VerifyThatProductIsAddedToAddCartThroughWishlistTest@4fb3ee4e]" name="Wishlist" class="org.shophunt.testscript.VerifyThatProductIsAddedToAddCartThroughWishlistTest"/>
        <method signature="VerifyTheCreateCategoryModuleTest.CreateCategory()[pri:0, instance:org.shophunt.testscript.VerifyTheCreateCategoryModuleTest@25fb8912]" name="CreateCategory" class="org.shophunt.testscript.VerifyTheCreateCategoryModuleTest"/>
        <method signature="VerifyTheCreateSubCategoryPageComponentTest.CreateSubcategory()[pri:0, instance:org.shophunt.testscript.VerifyTheCreateSubCategoryPageComponentTest@5d7148e2]" name="CreateSubcategory" class="org.shophunt.testscript.VerifyTheCreateSubCategoryPageComponentTest"/>
      </group> <!-- smoke -->
    </groups>
    <test started-at="2022-08-26T11:19:51 IST" name="Test" finished-at="2022-08-26T11:20:13 IST" duration-ms="22489">
      <class name="org.shophunt.testscript.VerifyThatProductIsAddedToAddCartThroughWishlistTest">
        <test-method is-config="true" signature="configBC()[pri:0, instance:org.shophunt.testscript.VerifyThatProductIsAddedToAddCartThroughWishlistTest@4fb3ee4e]" started-at="2022-08-26T11:20:01 IST" name="configBC" finished-at="2022-08-26T11:20:02 IST" duration-ms="1022" status="PASS">
          <reporter-output>
          </reporter-output>
        </test-method> <!-- configBC -->
        <test-method signature="Wishlist()[pri:0, instance:org.shophunt.testscript.VerifyThatProductIsAddedToAddCartThroughWishlistTest@4fb3ee4e]" started-at="2022-08-26T11:20:02 IST" name="Wishlist" finished-at="2022-08-26T11:20:06 IST" duration-ms="3468" status="PASS">
          <reporter-output>
          </reporter-output>
        </test-method> <!-- Wishlist -->
        <test-method is-config="true" signature="configAC()[pri:0, instance:org.shophunt.testscript.VerifyThatProductIsAddedToAddCartThroughWishlistTest@4fb3ee4e]" started-at="2022-08-26T11:20:06 IST" name="configAC" finished-at="2022-08-26T11:20:06 IST" duration-ms="145" status="PASS">
          <reporter-output>
          </reporter-output>
        </test-method> <!-- configAC -->
      </class> <!-- org.shophunt.testscript.VerifyThatProductIsAddedToAddCartThroughWishlistTest -->
      <class name="org.shophunt.testscript.ShophuntFinalScriptTest">
        <test-method is-config="true" signature="configBS()[pri:0, instance:org.shophunt.testscript.ShophuntFinalScriptTest@4738a206]" started-at="2022-08-26T11:19:51 IST" name="configBS" finished-at="2022-08-26T11:19:51 IST" duration-ms="11" status="PASS">
          <reporter-output>
          </reporter-output>
        </test-method> <!-- configBS -->
        <test-method is-config="true" signature="configBC()[pri:0, instance:org.shophunt.testscript.ShophuntFinalScriptTest@4738a206]" started-at="2022-08-26T11:19:51 IST" name="configBC" finished-at="2022-08-26T11:19:53 IST" duration-ms="2263" status="PASS">
          <reporter-output>
          </reporter-output>
        </test-method> <!-- configBC -->
        <test-method signature="CreateCategory()[pri:1, instance:org.shophunt.testscript.ShophuntFinalScriptTest@4738a206]" started-at="2022-08-26T11:19:53 IST" name="CreateCategory" finished-at="2022-08-26T11:19:55 IST" duration-ms="2068" status="PASS">
          <reporter-output>
          </reporter-output>
        </test-method> <!-- CreateCategory -->
        <test-method signature="CreateSubcategory()[pri:2, instance:org.shophunt.testscript.ShophuntFinalScriptTest@4738a206]" started-at="2022-08-26T11:19:56 IST" name="CreateSubcategory" finished-at="2022-08-26T11:19:57 IST" duration-ms="1335" status="PASS">
          <reporter-output>
          </reporter-output>
        </test-method> <!-- CreateSubcategory -->
        <test-method signature="Wishlist()[pri:3, instance:org.shophunt.testscript.ShophuntFinalScriptTest@4738a206]" started-at="2022-08-26T11:19:57 IST" name="Wishlist" finished-at="2022-08-26T11:20:01 IST" duration-ms="3260" status="PASS">
          <reporter-output>
          </reporter-output>
        </test-method> <!-- Wishlist -->
        <test-method is-config="true" signature="configAC()[pri:0, instance:org.shophunt.testscript.ShophuntFinalScriptTest@4738a206]" started-at="2022-08-26T11:20:01 IST" name="configAC" finished-at="2022-08-26T11:20:01 IST" duration-ms="171" status="PASS">
          <reporter-output>
          </reporter-output>
        </test-method> <!-- configAC -->
        <test-method is-config="true" signature="configAs()[pri:0, instance:org.shophunt.testscript.ShophuntFinalScriptTest@4738a206]" started-at="2022-08-26T11:20:13 IST" name="configAs" finished-at="2022-08-26T11:20:13 IST" duration-ms="0" status="PASS">
          <reporter-output>
          </reporter-output>
        </test-method> <!-- configAs -->
      </class> <!-- org.shophunt.testscript.ShophuntFinalScriptTest -->
      <class name="org.shophunt.testscript.VerifyTheCreateSubCategoryPageComponentTest">
        <test-method is-config="true" signature="configBC()[pri:0, instance:org.shophunt.testscript.VerifyTheCreateSubCategoryPageComponentTest@5d7148e2]" started-at="2022-08-26T11:20:06 IST" name="configBC" finished-at="2022-08-26T11:20:07 IST" duration-ms="1154" status="PASS">
          <reporter-output>
          </reporter-output>
        </test-method> <!-- configBC -->
        <test-method signature="CreateSubcategory()[pri:0, instance:org.shophunt.testscript.VerifyTheCreateSubCategoryPageComponentTest@5d7148e2]" started-at="2022-08-26T11:20:07 IST" name="CreateSubcategory" finished-at="2022-08-26T11:20:09 IST" duration-ms="1837" status="PASS">
          <reporter-output>
          </reporter-output>
        </test-method> <!-- CreateSubcategory -->
        <test-method is-config="true" signature="configAC()[pri:0, instance:org.shophunt.testscript.VerifyTheCreateSubCategoryPageComponentTest@5d7148e2]" started-at="2022-08-26T11:20:10 IST" name="configAC" finished-at="2022-08-26T11:20:10 IST" duration-ms="141" status="PASS">
          <reporter-output>
          </reporter-output>
        </test-method> <!-- configAC -->
      </class> <!-- org.shophunt.testscript.VerifyTheCreateSubCategoryPageComponentTest -->
      <class name="org.shophunt.testscript.VerifyTheCreateCategoryModuleTest">
        <test-method is-config="true" signature="configBC()[pri:0, instance:org.shophunt.testscript.VerifyTheCreateCategoryModuleTest@25fb8912]" started-at="2022-08-26T11:20:10 IST" name="configBC" finished-at="2022-08-26T11:20:11 IST" duration-ms="998" status="PASS">
          <reporter-output>
          </reporter-output>
        </test-method> <!-- configBC -->
        <test-method signature="CreateCategory()[pri:0, instance:org.shophunt.testscript.VerifyTheCreateCategoryModuleTest@25fb8912]" started-at="2022-08-26T11:20:11 IST" name="CreateCategory" finished-at="2022-08-26T11:20:13 IST" duration-ms="2009" status="PASS">
          <reporter-output>
          </reporter-output>
        </test-method> <!-- CreateCategory -->
        <test-method is-config="true" signature="configAC()[pri:0, instance:org.shophunt.testscript.VerifyTheCreateCategoryModuleTest@25fb8912]" started-at="2022-08-26T11:20:13 IST" name="configAC" finished-at="2022-08-26T11:20:13 IST" duration-ms="136" status="PASS">
          <reporter-output>
          </reporter-output>
        </test-method> <!-- configAC -->
      </class> <!-- org.shophunt.testscript.VerifyTheCreateCategoryModuleTest -->
    </test> <!-- Test -->
  </suite> <!-- BatchSuite -->
</testng-results>
