<?xml version="1.0" encoding="UTF-8"?>
<!-- Generated by org.testng.reporters.JUnitXMLReporter -->
<testsuite ignored="4" hostname="LAPTOP-SNC2BPSD" failures="0" tests="3" name="Test" time="10.94" errors="0" timestamp="2022-08-22T16:12:41 IST">
  <testcase classname="org.shophunt.testscript.VerifyThatProductIsAddedToAddCartThroughWishlist" name="Wishlist" time="3.237"/>
  <testcase classname="org.shophunt.testscript.VerifyTheCreateSubCategoryPageComponent" name="CreateSubcategory" time="1.752"/>
  <testcase classname="org.shophunt.testscript.VerifyTheCreateCategoryModule" name="CreateCategory" time="1.809"/>
  <testcase classname="com.shophunt.genericutility.BaseClass" name="@BeforeSuite configBS" time="0.0">
    <ignored/>
  </testcase> <!-- @BeforeSuite configBS -->
  <testcase classname="com.shophunt.genericutility.BaseClass" name="@BeforeSuite configBS" time="0.0">
    <ignored/>
  </testcase> <!-- @BeforeSuite configBS -->
  <testcase classname="com.shophunt.genericutility.BaseClass" name="@AfterSuite configAs" time="0.0">
    <ignored/>
  </testcase> <!-- @AfterSuite configAs -->
  <testcase classname="com.shophunt.genericutility.BaseClass" name="@AfterSuite configAs" time="0.0">
    <ignored/>
  </testcase> <!-- @AfterSuite configAs -->
</testsuite> <!-- Test -->
